ERROR - 2024-07-01 06:53:02 --> Severity: error --> Exception: Call to undefined method Users::getFullPathId() D:\xampp_73\htdocs\tradespeople\application\controllers\Users.php 2239
ERROR - 2024-07-01 06:55:22 --> Severity: error --> Exception: Call to undefined method Users::getFullPathId() D:\xampp_73\htdocs\tradespeople\application\controllers\Users.php 2239
ERROR - 2024-07-01 07:00:09 --> Severity: error --> Exception: Call to undefined method CI_DB_mysqli_driver::row_array() D:\xampp_73\htdocs\tradespeople\application\models\Common_model.php 2159
ERROR - 2024-07-01 07:00:43 --> Severity: error --> Exception: Call to undefined method CI_DB_mysqli_driver::row_array() D:\xampp_73\htdocs\tradespeople\application\models\Common_model.php 2159
ERROR - 2024-07-01 08:04:50 --> Severity: error --> Exception: syntax error, unexpected '&' D:\xampp_73\htdocs\tradespeople\application\controllers\Users.php 2239
ERROR - 2024-07-01 09:13:22 --> Severity: error --> Exception: syntax error, unexpected 'print_r' (T_STRING), expecting ',' or ';' D:\xampp_73\htdocs\tradespeople\application\controllers\Home.php 2362
ERROR - 2024-07-01 09:14:38 --> Severity: error --> Exception: syntax error, unexpected 'print_r' (T_STRING), expecting ',' or ';' D:\xampp_73\htdocs\tradespeople\application\controllers\Home.php 2362
ERROR - 2024-07-01 09:14:40 --> Severity: error --> Exception: syntax error, unexpected 'print_r' (T_STRING), expecting ',' or ';' D:\xampp_73\htdocs\tradespeople\application\controllers\Home.php 2362
ERROR - 2024-07-01 09:15:26 --> Severity: error --> Exception: syntax error, unexpected 'print_r' (T_STRING), expecting ',' or ';' D:\xampp_73\htdocs\tradespeople\application\controllers\Home.php 2362
ERROR - 2024-07-01 09:15:27 --> Severity: error --> Exception: syntax error, unexpected 'print_r' (T_STRING), expecting ',' or ';' D:\xampp_73\htdocs\tradespeople\application\controllers\Home.php 2362
ERROR - 2024-07-01 09:17:56 --> Severity: error --> Exception: syntax error, unexpected 'print_r' (T_STRING), expecting ',' or ';' D:\xampp_73\htdocs\tradespeople\application\controllers\Home.php 2362
ERROR - 2024-07-01 09:18:15 --> Severity: error --> Exception: syntax error, unexpected 'print_r' (T_STRING), expecting ',' or ';' D:\xampp_73\htdocs\tradespeople\application\controllers\Home.php 2362
ERROR - 2024-07-01 09:18:26 --> Severity: error --> Exception: syntax error, unexpected 'print_r' (T_STRING), expecting ',' or ';' D:\xampp_73\htdocs\tradespeople\application\controllers\Home.php 2362
ERROR - 2024-07-01 09:18:33 --> Severity: error --> Exception: syntax error, unexpected 'print_r' (T_STRING), expecting ',' or ';' D:\xampp_73\htdocs\tradespeople\application\controllers\Home.php 2362
ERROR - 2024-07-01 09:18:50 --> Severity: error --> Exception: syntax error, unexpected 'print_r' (T_STRING), expecting ',' or ';' D:\xampp_73\htdocs\tradespeople\application\controllers\Home.php 2362
ERROR - 2024-07-01 12:07:46 --> Severity: error --> Exception: syntax error, unexpected 'var' (T_VAR) D:\xampp_73\htdocs\tradespeople\application\views\site\all_services.php 73
ERROR - 2024-07-01 12:08:47 --> Severity: error --> Exception: Too few arguments to function Home::serviceDetail(), 0 passed in D:\xampp_73\htdocs\tradespeople\system\core\CodeIgniter.php on line 532 and exactly 1 expected D:\xampp_73\htdocs\tradespeople\application\controllers\Home.php 2363
ERROR - 2024-07-01 12:09:35 --> Severity: error --> Exception: Too few arguments to function Home::serviceDetail(), 0 passed in D:\xampp_73\htdocs\tradespeople\system\core\CodeIgniter.php on line 532 and exactly 1 expected D:\xampp_73\htdocs\tradespeople\application\controllers\Home.php 2363
ERROR - 2024-07-01 12:10:49 --> Query error: Unknown column 'bathroom' in 'where clause' - Invalid query: select * from users where FIND_IN_SET(bathroom-fitter, category)
ERROR - 2024-07-01 12:28:19 --> Query error: Unknown column 'bathroom' in 'where clause' - Invalid query: select * from users where FIND_IN_SET(bathroom-fitter, category)
ERROR - 2024-07-01 12:35:27 --> Query error: Unknown column 'bathroom' in 'where clause' - Invalid query: select * from users where FIND_IN_SET(bathroom-fitter, category)
ERROR - 2024-07-01 13:12:20 --> Query error: Duplicate entry '0' for key 'PRIMARY' - Invalid query: INSERT INTO `service_images` (`service_id`, `image`) VALUES ('0', 'istockphoto-1331970014-612x612.jpg')
ERROR - 2024-07-01 13:13:46 --> Query error: Duplicate entry '0' for key 'PRIMARY' - Invalid query: INSERT INTO `service_images` (`service_id`, `image`) VALUES ('1', 'istockphoto-1331683673-612x612.jpg')
ERROR - 2024-07-01 13:15:26 --> Query error: Duplicate entry '0' for key 'PRIMARY' - Invalid query: INSERT INTO `service_images` (`service_id`, `image`) VALUES ('1', 'istockphoto-1331683673-612x612.jpg')
ERROR - 2024-07-01 13:21:31 --> Query error: You have an error in your SQL syntax; check the manual that corresponds to your MariaDB server version for the right syntax to use near 'in-your-house, category)' at line 1 - Invalid query: select * from users where FIND_IN_SET(i-will-install-aluminium-window-in-your-house, category)
ERROR - 2024-07-01 13:36:18 --> Query error: You have an error in your SQL syntax; check the manual that corresponds to your MariaDB server version for the right syntax to use near 'in-your-house, category)' at line 1 - Invalid query: select * from users where FIND_IN_SET(i-will-install-aluminium-window-in-your-house, category)
ERROR - 2024-07-01 13:42:53 --> Query error: You have an error in your SQL syntax; check the manual that corresponds to your MariaDB server version for the right syntax to use near 'in-your-house, category)' at line 1 - Invalid query: select * from users where FIND_IN_SET(i-will-install-aluminium-window-in-your-house, category)
ERROR - 2024-07-01 13:46:46 --> Query error: You have an error in your SQL syntax; check the manual that corresponds to your MariaDB server version for the right syntax to use near 'in-your-house, category)' at line 1 - Invalid query: select * from users where FIND_IN_SET(i-will-install-aluminium-window-in-your-house, category)
ERROR - 2024-07-01 13:47:38 --> Query error: You have an error in your SQL syntax; check the manual that corresponds to your MariaDB server version for the right syntax to use near 'in-your-house, category)' at line 1 - Invalid query: select * from users where FIND_IN_SET(i-will-install-aluminium-window-in-your-house, category)
ERROR - 2024-07-01 13:50:12 --> Query error: You have an error in your SQL syntax; check the manual that corresponds to your MariaDB server version for the right syntax to use near 'in-your-house, category)' at line 1 - Invalid query: select * from users where FIND_IN_SET(i-will-install-aluminium-window-in-your-house, category)
ERROR - 2024-07-01 13:53:15 --> Query error: You have an error in your SQL syntax; check the manual that corresponds to your MariaDB server version for the right syntax to use near 'in-your-house, category)' at line 1 - Invalid query: select * from users where FIND_IN_SET(i-will-install-aluminium-window-in-your-house, category)
ERROR - 2024-07-01 14:05:55 --> Query error: You have an error in your SQL syntax; check the manual that corresponds to your MariaDB server version for the right syntax to use near 'in-your-house, category)' at line 1 - Invalid query: select * from users where FIND_IN_SET(i-will-install-aluminium-window-in-your-house, category)
ERROR - 2024-07-01 14:09:47 --> Query error: You have an error in your SQL syntax; check the manual that corresponds to your MariaDB server version for the right syntax to use near 'in-your-house, category)' at line 1 - Invalid query: select * from users where FIND_IN_SET(i-will-install-aluminium-window-in-your-house, category)
