ERROR - 2024-06-28 08:26:07 --> Query error: Unknown column 'c.category_name' in 'field list' - Invalid query: SELECT ms.*, c.category_name
                           FROM my_services ms
                           LEFT JOIN category c ON ms.category = c.id
                           WHERE ms.user_id = 1
                           ORDER BY ms.id DESC 
                           LIMIT 500
ERROR - 2024-06-28 08:26:39 --> Query error: Unknown column 'c.id' in 'on clause' - Invalid query: SELECT ms.*
                           FROM my_services ms
                           LEFT JOIN category c ON ms.category = c.id
                           WHERE ms.user_id = 1
                           ORDER BY ms.id DESC 
                           LIMIT 500
ERROR - 2024-06-28 08:27:22 --> Query error: Unknown column 'category.id' in 'on clause' - Invalid query: SELECT my_services.*
                           FROM my_services 
                           LEFT JOIN category ON my_services.category = category.id
                           WHERE my_services.user_id = 1
                           ORDER BY my_services.id DESC 
                           LIMIT 500
ERROR - 2024-06-28 08:28:09 --> Query error: Unknown column 'c.category_name' in 'field list' - Invalid query: SELECT ms.*, c.category_name
                           FROM my_services ms
                           LEFT JOIN category c ON ms.category = c.id
                           WHERE ms.user_id = 1
                           ORDER BY ms.id DESC 
                           LIMIT 500
ERROR - 2024-06-28 08:28:36 --> Query error: Unknown column 'c.id' in 'on clause' - Invalid query: SELECT ms.*, c.cat_name
                           FROM my_services ms
                           LEFT JOIN category c ON ms.category = c.id
                           WHERE ms.user_id = 1
                           ORDER BY ms.id DESC 
                           LIMIT 500
ERROR - 2024-06-28 09:43:46 --> Severity: error --> Exception: syntax error, unexpected '}', expecting end of file C:\xampp_73\htdocs\tradespeople\application\controllers\Users.php 2363
ERROR - 2024-06-28 09:43:49 --> Severity: error --> Exception: syntax error, unexpected '}', expecting end of file C:\xampp_73\htdocs\tradespeople\application\controllers\Users.php 2363
ERROR - 2024-06-28 09:43:54 --> Severity: error --> Exception: syntax error, unexpected '}', expecting end of file C:\xampp_73\htdocs\tradespeople\application\controllers\Users.php 2363
ERROR - 2024-06-28 09:43:59 --> Severity: error --> Exception: syntax error, unexpected '}', expecting end of file C:\xampp_73\htdocs\tradespeople\application\controllers\Users.php 2363
ERROR - 2024-06-28 09:44:04 --> Severity: error --> Exception: syntax error, unexpected '}', expecting end of file C:\xampp_73\htdocs\tradespeople\application\controllers\Users.php 2363
ERROR - 2024-06-28 09:44:09 --> Severity: error --> Exception: syntax error, unexpected '}', expecting end of file C:\xampp_73\htdocs\tradespeople\application\controllers\Users.php 2363
ERROR - 2024-06-28 09:44:14 --> Severity: error --> Exception: syntax error, unexpected '}', expecting end of file C:\xampp_73\htdocs\tradespeople\application\controllers\Users.php 2363
ERROR - 2024-06-28 10:46:17 --> Severity: error --> Exception: syntax error, unexpected ''Active'' (T_CONSTANT_ENCAPSED_STRING), expecting ',' or ';' C:\xampp_73\htdocs\tradespeople\application\views\site\my_services.php 50
ERROR - 2024-06-28 10:47:22 --> Severity: error --> Exception: syntax error, unexpected ''Active'' (T_CONSTANT_ENCAPSED_STRING), expecting ',' or ';' C:\xampp_73\htdocs\tradespeople\application\views\site\my_services.php 50
