ERROR - 2024-07-04 05:54:29 --> Severity: error --> Exception: Call to a member function getJobCities() on null D:\xampp_73\htdocs\tradespeople\application\controllers\Users.php 2243
ERROR - 2024-07-04 11:51:53 --> Severity: error --> Exception: syntax error, unexpected '}' D:\xampp_73\htdocs\tradespeople\application\controllers\Users.php 2392
ERROR - 2024-07-04 11:52:53 --> Severity: error --> Exception: syntax error, unexpected '}' D:\xampp_73\htdocs\tradespeople\application\controllers\Users.php 2392
ERROR - 2024-07-04 11:53:53 --> Severity: error --> Exception: syntax error, unexpected '}' D:\xampp_73\htdocs\tradespeople\application\controllers\Users.php 2392
ERROR - 2024-07-04 11:54:53 --> Severity: error --> Exception: syntax error, unexpected '}' D:\xampp_73\htdocs\tradespeople\application\controllers\Users.php 2392
ERROR - 2024-07-04 11:55:53 --> Severity: error --> Exception: syntax error, unexpected '}' D:\xampp_73\htdocs\tradespeople\application\controllers\Users.php 2392
ERROR - 2024-07-04 11:56:53 --> Severity: error --> Exception: syntax error, unexpected '}' D:\xampp_73\htdocs\tradespeople\application\controllers\Users.php 2392
ERROR - 2024-07-04 11:10:44 --> Query error: Column 'status' cannot be null - Invalid query: INSERT INTO `my_services` (`user_id`, `service_name`, `slug`, `category`, `description`, `price`, `status`, `image`) VALUES ('1', 'Test Service', 'test-service', NULL, 'This is a test service', NULL, NULL, '0972ce3eab2a3c7c8e0518cba3d60841.jpg')
ERROR - 2024-07-04 11:32:37 --> Query error: Unknown column 'Array' in 'where clause' - Invalid query: SELECT `cat_id`, `cat_name`, `slug`
FROM `category`
WHERE `is_delete` = 0
AND `cat_parent` = Array
ORDER BY `cat_id` ASC
ERROR - 2024-07-04 11:36:13 --> Query error: Unknown column 'Array' in 'where clause' - Invalid query: SELECT `cat_id`, `cat_name`, `slug`
FROM `category`
WHERE `is_delete` = 0
AND `cat_parent` = Array
ORDER BY `cat_id` ASC
ERROR - 2024-07-04 12:48:33 --> Severity: error --> Exception: syntax error, unexpected 'funcion' (T_STRING), expecting function (T_FUNCTION) or const (T_CONST) D:\xampp_73\htdocs\tradespeople\application\controllers\Users.php 2399
ERROR - 2024-07-04 12:48:38 --> Severity: error --> Exception: syntax error, unexpected 'funcion' (T_STRING), expecting function (T_FUNCTION) or const (T_CONST) D:\xampp_73\htdocs\tradespeople\application\controllers\Users.php 2399
ERROR - 2024-07-04 12:48:43 --> Severity: error --> Exception: syntax error, unexpected 'funcion' (T_STRING), expecting function (T_FUNCTION) or const (T_CONST) D:\xampp_73\htdocs\tradespeople\application\controllers\Users.php 2399
ERROR - 2024-07-04 12:48:48 --> Severity: error --> Exception: syntax error, unexpected 'funcion' (T_STRING), expecting function (T_FUNCTION) or const (T_CONST) D:\xampp_73\htdocs\tradespeople\application\controllers\Users.php 2399
ERROR - 2024-07-04 12:48:53 --> Severity: error --> Exception: syntax error, unexpected 'funcion' (T_STRING), expecting function (T_FUNCTION) or const (T_CONST) D:\xampp_73\htdocs\tradespeople\application\controllers\Users.php 2399
ERROR - 2024-07-04 12:48:58 --> Severity: error --> Exception: syntax error, unexpected 'funcion' (T_STRING), expecting function (T_FUNCTION) or const (T_CONST) D:\xampp_73\htdocs\tradespeople\application\controllers\Users.php 2399
ERROR - 2024-07-04 12:49:03 --> Severity: error --> Exception: syntax error, unexpected 'funcion' (T_STRING), expecting function (T_FUNCTION) or const (T_CONST) D:\xampp_73\htdocs\tradespeople\application\controllers\Users.php 2399
ERROR - 2024-07-04 12:49:08 --> Severity: error --> Exception: syntax error, unexpected 'funcion' (T_STRING), expecting function (T_FUNCTION) or const (T_CONST) D:\xampp_73\htdocs\tradespeople\application\controllers\Users.php 2399
ERROR - 2024-07-04 12:49:13 --> Severity: error --> Exception: syntax error, unexpected 'funcion' (T_STRING), expecting function (T_FUNCTION) or const (T_CONST) D:\xampp_73\htdocs\tradespeople\application\controllers\Users.php 2403
ERROR - 2024-07-04 12:49:18 --> Severity: error --> Exception: syntax error, unexpected 'funcion' (T_STRING), expecting function (T_FUNCTION) or const (T_CONST) D:\xampp_73\htdocs\tradespeople\application\controllers\Users.php 2403
ERROR - 2024-07-04 12:49:23 --> Severity: error --> Exception: syntax error, unexpected 'funcion' (T_STRING), expecting function (T_FUNCTION) or const (T_CONST) D:\xampp_73\htdocs\tradespeople\application\controllers\Users.php 2403
ERROR - 2024-07-04 12:49:28 --> Severity: error --> Exception: syntax error, unexpected 'funcion' (T_STRING), expecting function (T_FUNCTION) or const (T_CONST) D:\xampp_73\htdocs\tradespeople\application\controllers\Users.php 2403
ERROR - 2024-07-04 12:49:33 --> Severity: error --> Exception: syntax error, unexpected 'funcion' (T_STRING), expecting function (T_FUNCTION) or const (T_CONST) D:\xampp_73\htdocs\tradespeople\application\controllers\Users.php 2403
ERROR - 2024-07-04 12:49:38 --> Severity: error --> Exception: syntax error, unexpected 'funcion' (T_STRING), expecting function (T_FUNCTION) or const (T_CONST) D:\xampp_73\htdocs\tradespeople\application\controllers\Users.php 2403
ERROR - 2024-07-04 12:49:43 --> Severity: error --> Exception: syntax error, unexpected 'funcion' (T_STRING), expecting function (T_FUNCTION) or const (T_CONST) D:\xampp_73\htdocs\tradespeople\application\controllers\Users.php 2403
ERROR - 2024-07-04 12:49:48 --> Severity: error --> Exception: syntax error, unexpected 'funcion' (T_STRING), expecting function (T_FUNCTION) or const (T_CONST) D:\xampp_73\htdocs\tradespeople\application\controllers\Users.php 2403
ERROR - 2024-07-04 12:49:49 --> Severity: error --> Exception: syntax error, unexpected 'funcion' (T_STRING), expecting function (T_FUNCTION) or const (T_CONST) D:\xampp_73\htdocs\tradespeople\application\controllers\Users.php 2403
ERROR - 2024-07-04 12:49:53 --> Severity: error --> Exception: syntax error, unexpected 'funcion' (T_STRING), expecting function (T_FUNCTION) or const (T_CONST) D:\xampp_73\htdocs\tradespeople\application\controllers\Users.php 2403
ERROR - 2024-07-04 12:49:59 --> Severity: error --> Exception: syntax error, unexpected 'funcion' (T_STRING), expecting function (T_FUNCTION) or const (T_CONST) D:\xampp_73\htdocs\tradespeople\application\controllers\Users.php 2403
ERROR - 2024-07-04 12:50:04 --> Severity: error --> Exception: syntax error, unexpected 'funcion' (T_STRING), expecting function (T_FUNCTION) or const (T_CONST) D:\xampp_73\htdocs\tradespeople\application\controllers\Users.php 2403
ERROR - 2024-07-04 11:51:37 --> Severity: error --> Exception: Call to a member function b() on null D:\xampp_73\htdocs\tradespeople\application\controllers\Users.php 2400
ERROR - 2024-07-04 12:32:25 --> Query error: Unknown column 'Array' in 'where clause' - Invalid query: SELECT `cat_id`, `cat_name`, `slug`
FROM `category`
WHERE `is_delete` = 0
AND `cat_parent` = Array
ORDER BY `cat_id` ASC
ERROR - 2024-07-04 12:32:26 --> Query error: Unknown column 'Array' in 'where clause' - Invalid query: SELECT `cat_id`, `cat_name`, `slug`
FROM `category`
WHERE `is_delete` = 0
AND `cat_parent` = Array
ORDER BY `cat_id` ASC
ERROR - 2024-07-04 12:32:26 --> Query error: Unknown column 'Array' in 'where clause' - Invalid query: SELECT `cat_id`, `cat_name`, `slug`
FROM `category`
WHERE `is_delete` = 0
AND `cat_parent` = Array
ORDER BY `cat_id` ASC
ERROR - 2024-07-04 12:32:27 --> Query error: Unknown column 'Array' in 'where clause' - Invalid query: SELECT `cat_id`, `cat_name`, `slug`
FROM `category`
WHERE `is_delete` = 0
AND `cat_parent` = Array
ORDER BY `cat_id` ASC
ERROR - 2024-07-04 12:32:28 --> Query error: Unknown column 'Array' in 'where clause' - Invalid query: SELECT `cat_id`, `cat_name`, `slug`
FROM `category`
WHERE `is_delete` = 0
AND `cat_parent` = Array
ORDER BY `cat_id` ASC
ERROR - 2024-07-04 12:32:33 --> Query error: Unknown column 'Array' in 'where clause' - Invalid query: SELECT `cat_id`, `cat_name`, `slug`
FROM `category`
WHERE `is_delete` = 0
AND `cat_parent` = Array
ORDER BY `cat_id` ASC
ERROR - 2024-07-04 12:32:34 --> Query error: Unknown column 'Array' in 'where clause' - Invalid query: SELECT `cat_id`, `cat_name`, `slug`
FROM `category`
WHERE `is_delete` = 0
AND `cat_parent` = Array
ORDER BY `cat_id` ASC
ERROR - 2024-07-04 12:32:34 --> Query error: Unknown column 'Array' in 'where clause' - Invalid query: SELECT `cat_id`, `cat_name`, `slug`
FROM `category`
WHERE `is_delete` = 0
AND `cat_parent` = Array
ORDER BY `cat_id` ASC
ERROR - 2024-07-04 12:32:35 --> Query error: Unknown column 'Array' in 'where clause' - Invalid query: SELECT `cat_id`, `cat_name`, `slug`
FROM `category`
WHERE `is_delete` = 0
AND `cat_parent` = Array
ORDER BY `cat_id` ASC
ERROR - 2024-07-04 12:32:36 --> Query error: Unknown column 'Array' in 'where clause' - Invalid query: SELECT `cat_id`, `cat_name`, `slug`
FROM `category`
WHERE `is_delete` = 0
AND `cat_parent` = Array
ORDER BY `cat_id` ASC
ERROR - 2024-07-04 12:32:36 --> Query error: Unknown column 'Array' in 'where clause' - Invalid query: SELECT `cat_id`, `cat_name`, `slug`
FROM `category`
WHERE `is_delete` = 0
AND `cat_parent` = Array
ORDER BY `cat_id` ASC
